[2019-07-14 11:35:28] START
[2019-07-14 11:38:36] EDIT attendance_management/views/default/index.html: -38
[2019-07-14 11:39:12] EDIT attendance_management/views/default/index.html: 0
[2019-07-14 11:41:13] EDIT attendance_management/views/layout.html: 0
[2019-07-14 11:42:58] EDIT attendance_management/views/layout.html: 0
[2019-07-14 11:43:15] EDIT attendance_management/views/layout.html: 0
[2019-07-14 11:43:35] EDIT attendance_management/views/layout.html: 0
[2019-07-14 11:43:40] EDIT attendance_management/views/layout.html: 0
[2019-07-14 11:43:51] EDIT attendance_management/views/layout.html: 0
[2019-07-14 12:00:02] EDIT attendance_management/private/appconfig.ini: 0
[2019-07-14 12:00:11] EDIT attendance_management/private/appconfig.ini: 0
[2019-07-14 12:00:23] EDIT attendance_management/private/appconfig.ini: 0
[2019-07-14 12:01:46] EDIT attendance_management/private/appconfig.ini: 0
[2019-07-14 12:12:51] EDIT attendance_management/private/appconfig.ini: 0
[2019-07-14 13:07:23] EDIT attendance_management/private/appconfig.ini: 0
[2019-07-14 13:10:19] EDIT attendance_management/models/menu.py: 0
[2019-07-14 13:10:58] EDIT attendance_management/models/menu.py: 0
[2019-07-14 13:12:14] EDIT attendance_management/models/menu.py: 0
[2019-07-14 14:10:50] EDIT attendance_management/models/menu.py: 0
[2019-07-14 14:11:22] EDIT attendance_management/models/menu.py: 0
[2019-07-14 14:11:33] EDIT attendance_management/models/menu.py: 0
[2019-07-14 14:12:14] EDIT attendance_management/private/appconfig.ini: 0
[2019-07-14 14:19:43] EDIT attendance_management/models/menu.py: 0
[2019-07-14 14:49:50] CREATE employees.py: 0
[2019-07-14 14:50:52] EDIT attendance_management/models/employees.py: 1
[2019-07-14 14:54:36] EDIT attendance_management/models/employees.py: 2
[2019-07-14 14:54:42] EDIT attendance_management/models/employees.py: 0
[2019-07-14 14:55:09] EDIT attendance_management/models/employees.py: 0
[2019-07-14 14:55:36] EDIT attendance_management/models/employees.py: 0
[2019-07-14 14:56:00] EDIT attendance_management/models/employees.py: 1
[2019-07-14 14:56:08] EDIT attendance_management/models/employees.py: 0
[2019-07-14 14:56:37] EDIT attendance_management/models/employees.py: 0
[2019-07-14 15:00:02] EDIT attendance_management/models/employees.py: 0
[2019-07-14 15:09:09] CREATE sections.py: 0
[2019-07-14 15:09:53] EDIT attendance_management/models/sections.py: 3
[2019-07-14 15:10:21] EDIT attendance_management/models/sections.py: 1
[2019-07-14 15:14:09] EDIT attendance_management/models/employees.py: 0
[2019-07-14 15:15:28] EDIT attendance_management/models/employees.py: 0
[2019-07-14 15:15:41] EDIT attendance_management/models/employees.py: 0
[2019-07-14 15:31:41] EDIT attendance_management/controllers/default.py: 0
[2019-07-14 15:32:15] EDIT attendance_management/controllers/default.py: 1
[2019-07-14 15:39:05] EDIT attendance_management/controllers/default.py: 0
[2019-07-14 15:44:24] EDIT attendance_management/controllers/default.py: 0
[2019-07-14 15:45:38] EDIT attendance_management/models/menu.py: 1
[2019-07-14 15:46:11] EDIT attendance_management/models/menu.py: 0
[2019-07-14 15:46:37] EDIT attendance_management/models/menu.py: 0
[2019-07-14 15:47:08] EDIT attendance_management/models/menu.py: 0
[2019-07-14 15:49:16] EDIT attendance_management/models/menu.py: 0
[2019-07-14 15:49:36] EDIT attendance_management/models/menu.py: 0
[2019-07-14 15:49:48] EDIT attendance_management/models/menu.py: 0
[2019-07-14 15:50:39] EDIT attendance_management/models/menu.py: 0
[2019-07-14 15:50:52] EDIT attendance_management/models/menu.py: 0
[2019-07-14 15:51:07] EDIT attendance_management/models/menu.py: 0
[2019-07-14 15:55:49] EDIT attendance_management/models/employees.py: 1
[2019-07-14 16:02:50] EDIT attendance_management/controllers/default.py: 0
[2019-07-14 16:05:03] EDIT attendance_management/models/employees.py: -1
[2019-07-14 16:05:59] EDIT attendance_management/models/employees.py: 1
[2019-07-14 16:06:14] EDIT attendance_management/models/employees.py: 0
[2019-07-14 16:09:31] EDIT attendance_management/models/employees.py: 1
[2019-07-14 16:10:01] EDIT attendance_management/models/employees.py: 0
[2019-07-14 16:11:30] EDIT attendance_management/models/employees.py: -1
[2019-07-14 16:11:50] EDIT attendance_management/models/employees.py: 0
[2019-07-14 16:22:23] EDIT attendance_management/models/employees.py: 1
[2019-07-14 16:22:29] EDIT attendance_management/models/employees.py: 0
[2019-07-14 16:22:54] EDIT attendance_management/models/employees.py: 0
[2019-07-14 16:23:24] EDIT attendance_management/models/employees.py: 0
[2019-07-14 16:33:47] EDIT attendance_management/models/employees.py: -1
[2019-07-14 16:37:49] EDIT attendance_management/models/employees.py: 0
[2019-07-14 16:50:19] EDIT attendance_management/models/employees.py: 1
[2019-07-14 16:50:25] EDIT attendance_management/models/employees.py: 0
[2019-07-14 17:25:18] CREATE attlogs.py: 0
[2019-07-14 17:25:33] EDIT attendance_management/models/attlogs.py: 1
[2019-07-14 17:29:05] EDIT attendance_management/models/attlogs.py: 3
[2019-07-14 17:30:52] EDIT attendance_management/models/attlogs.py: 0
[2019-07-14 17:31:00] EDIT attendance_management/models/attlogs.py: 0
[2019-07-14 17:37:43] EDIT attendance_management/models/attlogs.py: 0
[2019-07-14 17:37:51] EDIT attendance_management/models/attlogs.py: 0
[2019-07-14 17:38:43] EDIT attendance_management/models/attlogs.py: 0
[2019-07-14 17:40:24] DELETE attendance_management/models/attlogs.py: -4
[2019-07-14 17:40:41] CREATE biologs.py: 0
[2019-07-14 17:40:48] EDIT attendance_management/models/biologs.py: 4
[2019-07-14 17:41:07] EDIT attendance_management/models/biologs.py: 0
[2019-07-14 17:41:24] DELETE attendance_management/models/biologs.py: -4
[2019-07-14 17:42:12] CREATE attlogs.py: 0
[2019-07-14 17:43:06] EDIT attendance_management/models/attlogs.py: 2
[2019-07-14 17:45:41] EDIT attendance_management/models/sections.py: 0
[2019-07-14 17:46:16] EDIT attendance_management/models/attlogs.py: 0
[2019-07-14 17:46:22] EDIT attendance_management/models/attlogs.py: 0
[2019-07-14 17:47:19] DELETE attendance_management/models/attlogs.py: -2
[2019-07-14 17:47:28] EDIT attendance_management/models/employees.py: 2
[2019-07-14 17:54:44] EDIT attendance_management/models/employees.py: 1
[2019-07-14 17:55:11] EDIT attendance_management/models/employees.py: 0
[2019-07-14 17:55:39] EDIT attendance_management/models/employees.py: 0
[2019-07-14 17:56:30] EDIT attendance_management/models/employees.py: 0
[2019-07-14 17:57:46] EDIT attendance_management/models/employees.py: 0
[2019-07-14 18:15:34] EDIT attendance_management/controllers/default.py: 0
[2019-07-14 18:15:50] EDIT attendance_management/controllers/default.py: 0
[2019-07-14 18:17:17] EDIT attendance_management/controllers/default.py: 1
[2019-07-14 18:17:36] EDIT attendance_management/controllers/default.py: 1
[2019-07-14 18:18:05] EDIT attendance_management/controllers/default.py: 0
[2019-07-14 18:19:12] EDIT attendance_management/controllers/default.py: 3
[2019-07-14 18:19:25] EDIT attendance_management/controllers/default.py: 0
[2019-07-14 18:19:31] EDIT attendance_management/controllers/default.py: -1
[2019-07-14 18:19:44] EDIT attendance_management/controllers/default.py: -1
[2019-07-14 18:19:51] EDIT attendance_management/controllers/default.py: 0
[2019-07-14 18:20:39] EDIT attendance_management/controllers/default.py: 0
[2019-07-14 18:22:15] EDIT attendance_management/views/default/index.html: 1
[2019-07-14 18:23:37] EDIT attendance_management/controllers/default.py: 1
[2019-07-14 18:24:41] EDIT attendance_management/views/default/index.html: 0
[2019-07-14 18:28:26] EDIT attendance_management/controllers/default.py: -1
[2019-07-14 18:28:45] EDIT attendance_management/views/default/index.html: 0
[2019-07-14 18:29:42] EDIT attendance_management/models/employees.py: 1
[2019-07-14 18:30:12] EDIT attendance_management/models/employees.py: 2
[2019-07-14 18:33:08] EDIT attendance_management/models/employees.py: 1
[2019-07-14 18:34:28] CREATE generate.py: 0
[2019-07-14 18:34:45] CREATE manage.py: 0
[2019-07-14 19:00:24] CREATE generate.html: 0
[2019-07-14 19:00:49] CREATE manage.html: 0
[2019-07-14 19:03:38] DELETE attendance_management/views/manage.html: -3
[2019-07-14 19:03:52] CREATE manage/index.html: 0
[2019-07-14 19:05:13] EDIT attendance_management/models/menu.py: 1
[2019-07-14 19:05:55] EDIT attendance_management/models/menu.py: 0
[2019-07-14 19:07:27] EDIT attendance_management/models/menu.py: 0
[2019-07-14 19:08:42] CREATE tables.py: 0
[2019-07-14 19:09:07] EDIT attendance_management/controllers/tables.py: 1
[2019-07-14 19:09:10] EDIT attendance_management/controllers/tables.py: 0
[2019-07-14 19:10:26] EDIT attendance_management/controllers/tables.py: 7
[2019-07-14 19:10:56] EDIT attendance_management/controllers/tables.py: 0
[2019-07-14 19:11:19] EDIT attendance_management/controllers/tables.py: 0
[2019-07-14 19:11:51] EDIT attendance_management/models/menu.py: 0
[2019-07-14 19:12:12] EDIT attendance_management/models/menu.py: 0
[2019-07-14 19:12:35] EDIT attendance_management/models/menu.py: 0
[2019-07-14 19:13:04] EDIT attendance_management/models/menu.py: 0
[2019-07-14 19:13:35] EDIT attendance_management/models/menu.py: 1
[2019-07-14 19:14:17] EDIT attendance_management/models/menu.py: -1
[2019-07-14 19:15:11] EDIT attendance_management/models/menu.py: 0
[2019-07-14 19:15:20] EDIT attendance_management/models/menu.py: 0
[2019-07-14 19:15:33] EDIT attendance_management/models/menu.py: 0
[2019-07-14 19:15:45] EDIT attendance_management/models/menu.py: 0
[2019-07-14 19:16:03] EDIT attendance_management/models/menu.py: 0
[2019-07-14 19:16:21] EDIT attendance_management/models/menu.py: 0
[2019-07-14 19:21:00] EDIT attendance_management/models/menu.py: 0
[2019-07-14 19:26:45] EDIT attendance_management/models/menu.py: 0
[2019-07-14 19:27:28] EDIT attendance_management/models/menu.py: 0
[2019-07-14 19:29:20] EDIT attendance_management/models/menu.py: 0
[2019-07-14 19:29:54] EDIT attendance_management/models/menu.py: 0
[2019-07-14 19:30:09] EDIT attendance_management/models/menu.py: 0
[2019-07-14 19:32:43] EDIT attendance_management/controllers/manage.py: 4
[2019-07-14 20:27:32] EDIT attendance_management/controllers/manage.py: 0
[2019-07-14 20:28:10] EDIT attendance_management/views/manage/index.html: 0
[2019-07-14 20:28:26] EDIT attendance_management/views/manage/index.html: 0
[2019-07-14 20:28:31] EDIT attendance_management/views/manage/index.html: 0
[2019-07-14 20:28:33] EDIT attendance_management/views/manage/index.html: 0
[2019-07-14 20:28:43] EDIT attendance_management/views/manage/index.html: 0
[2019-07-14 20:29:57] EDIT attendance_management/views/manage/index.html: 1
[2019-07-14 20:30:08] EDIT attendance_management/views/manage/index.html: 0
[2019-07-14 20:35:00] EDIT attendance_management/controllers/manage.py: 1
[2019-07-14 20:35:09] EDIT attendance_management/controllers/manage.py: 0
[2019-07-14 20:35:15] EDIT attendance_management/controllers/manage.py: 0
[2019-07-14 20:35:51] EDIT attendance_management/controllers/manage.py: 0
[2019-07-14 20:37:02] CREATE manage/attlogs.html: 0
[2019-07-14 20:37:41] EDIT attendance_management/views/manage/attlogs.html: 2
[2019-07-14 20:37:44] EDIT attendance_management/views/manage/attlogs.html: 0
[2019-07-14 20:37:48] EDIT attendance_management/views/manage/attlogs.html: 0
[2019-07-14 20:37:56] EDIT attendance_management/views/manage/attlogs.html: -3
[2019-07-14 20:39:43] EDIT attendance_management/controllers/manage.py: 0
[2019-07-14 20:39:51] EDIT attendance_management/controllers/manage.py: 0
[2019-07-14 20:39:56] EDIT attendance_management/controllers/manage.py: 0
[2019-07-14 20:40:30] EDIT attendance_management/views/manage/attlogs.html: 3
[2019-07-14 20:41:05] EDIT attendance_management/views/manage/attlogs.html: 0
[2019-07-14 20:41:26] EDIT attendance_management/views/manage/attlogs.html: 0
[2019-07-14 20:41:43] EDIT attendance_management/views/manage/attlogs.html: -2
[2019-07-14 20:41:53] EDIT attendance_management/views/manage/attlogs.html: 0
[2019-07-14 20:41:59] EDIT attendance_management/views/manage/attlogs.html: 0
[2019-07-14 20:42:09] EDIT attendance_management/views/manage/attlogs.html: 0
[2019-07-14 20:42:18] EDIT attendance_management/views/manage/attlogs.html: 0
[2019-07-14 20:42:46] EDIT attendance_management/controllers/manage.py: 0
[2019-07-14 20:42:53] EDIT attendance_management/views/manage/attlogs.html: 0
[2019-07-14 20:43:27] EDIT attendance_management/views/manage/attlogs.html: 0
[2019-07-14 20:43:58] EDIT attendance_management/views/manage/attlogs.html: 0
[2019-07-14 20:44:17] EDIT attendance_management/views/manage/attlogs.html: 2
[2019-07-14 20:44:30] EDIT attendance_management/views/manage/attlogs.html: 0
[2019-07-14 20:44:42] EDIT attendance_management/views/manage/attlogs.html: 1
[2019-07-14 20:45:18] EDIT attendance_management/views/manage/attlogs.html: -2
[2019-07-14 20:45:40] EDIT attendance_management/views/manage/attlogs.html: -1
[2019-07-14 20:45:58] EDIT attendance_management/views/manage/attlogs.html: 0
[2019-07-14 20:46:54] EDIT attendance_management/views/manage/attlogs.html: 0
[2019-07-14 20:47:27] EDIT attendance_management/views/manage/attlogs.html: 0
[2019-07-14 20:47:30] EDIT attendance_management/views/manage/attlogs.html: 0
[2019-07-14 20:47:40] EDIT attendance_management/views/manage/attlogs.html: 0
[2019-07-14 20:49:12] EDIT attendance_management/controllers/manage.py: 1
[2019-07-14 20:49:30] EDIT attendance_management/controllers/manage.py: 0
[2019-07-14 20:50:54] EDIT attendance_management/controllers/manage.py: 0
[2019-07-14 20:50:56] EDIT attendance_management/controllers/manage.py: 0
[2019-07-14 20:50:58] EDIT attendance_management/controllers/manage.py: -1
[2019-07-14 20:51:20] EDIT attendance_management/controllers/manage.py: 0
[2019-07-14 20:51:25] EDIT attendance_management/controllers/manage.py: 0
[2019-07-14 20:51:56] EDIT attendance_management/views/manage/attlogs.html: 0
[2019-07-14 20:52:13] EDIT attendance_management/controllers/manage.py: 0
[2019-07-14 20:52:38] EDIT attendance_management/views/manage/attlogs.html: 0
[2019-07-14 20:55:12] EDIT attendance_management/views/manage/index.html: 0
[2019-07-14 20:56:06] EDIT attendance_management/views/manage/index.html: 0
[2019-07-14 20:56:27] EDIT attendance_management/views/manage/index.html: 2
[2019-07-14 20:56:53] EDIT attendance_management/views/manage/index.html: 2
[2019-07-14 20:57:06] EDIT attendance_management/views/manage/index.html: 0
[2019-07-14 20:57:48] EDIT attendance_management/views/manage/index.html: 0
[2019-07-14 20:58:11] EDIT attendance_management/views/manage/index.html: 0
[2019-07-14 20:58:33] EDIT attendance_management/views/manage/index.html: 0
[2019-07-14 20:59:01] EDIT attendance_management/views/manage/index.html: 0
[2019-07-14 20:59:36] EDIT attendance_management/views/manage/index.html: 0
[2019-07-14 21:00:18] EDIT attendance_management/views/manage/index.html: 0
[2019-07-14 21:00:54] EDIT attendance_management/views/manage/index.html: 0
[2019-07-14 21:01:45] EDIT attendance_management/views/manage/index.html: 0
[2019-07-14 21:01:50] EDIT attendance_management/views/manage/index.html: 0
[2019-07-14 21:03:03] EDIT attendance_management/views/manage/index.html: 0
[2019-07-14 21:03:09] EDIT attendance_management/views/manage/index.html: 0
[2019-07-14 21:03:49] EDIT attendance_management/views/manage/index.html: 0
[2019-07-14 21:05:02] EDIT attendance_management/views/manage/attlogs.html: 2
[2019-07-14 21:05:06] EDIT attendance_management/views/manage/attlogs.html: 1
[2019-07-14 21:05:15] EDIT attendance_management/views/manage/attlogs.html: 0
[2019-07-14 21:05:35] EDIT attendance_management/views/manage/attlogs.html: 0
[2019-07-14 21:06:06] EDIT attendance_management/views/manage/attlogs.html: -1
[2019-07-14 21:06:15] EDIT attendance_management/views/manage/attlogs.html: 0
[2019-07-14 21:06:33] EDIT attendance_management/views/manage/attlogs.html: 0
[2019-07-14 21:06:41] EDIT attendance_management/views/manage/attlogs.html: 0
[2019-07-14 21:06:49] EDIT attendance_management/views/manage/attlogs.html: 0
[2019-07-14 21:06:57] EDIT attendance_management/views/manage/attlogs.html: 0
[2019-07-14 21:07:08] EDIT attendance_management/views/manage/attlogs.html: 0
[2019-07-14 21:07:26] EDIT attendance_management/views/manage/attlogs.html: 0
[2019-07-14 21:07:55] EDIT attendance_management/views/manage/attlogs.html: 0
[2019-07-14 21:08:54] EDIT attendance_management/views/manage/attlogs.html: 0
[2019-07-14 21:09:20] EDIT attendance_management/views/manage/attlogs.html: 0
[2019-07-14 21:11:14] CREATE css/font-awesome.css: 0
[2019-07-14 21:11:31] EDIT attendance_management/static/css/font-awesome.css: 4
[2019-07-14 21:12:13] EDIT attendance_management/views/layout.html: 0
[2019-07-14 21:13:53] EDIT attendance_management/views/manage/attlogs.html: 0
[2019-07-14 21:16:54] EDIT attendance_management/views/layout.html: 0
[2019-07-14 21:17:20] EDIT attendance_management/views/layout.html: 0
[2019-07-14 21:17:46] EDIT attendance_management/views/manage/attlogs.html: 0
[2019-07-14 21:17:52] EDIT attendance_management/views/manage/attlogs.html: 0
[2019-07-14 21:19:29] EDIT attendance_management/views/manage/attlogs.html: 0
[2019-07-14 21:22:05] EDIT attendance_management/controllers/manage.py: 1
[2019-07-16 00:10:39] EDIT attendance_management/controllers/manage.py: 0
[2019-07-16 00:10:41] EDIT attendance_management/controllers/manage.py: 0
[2019-07-16 00:14:43] EDIT attendance_management/views/manage/index.html: 1
[2019-07-16 00:15:06] EDIT attendance_management/views/manage/index.html: 0
[2019-07-16 00:16:10] EDIT attendance_management/controllers/manage.py: 2
[2019-07-16 00:16:16] EDIT attendance_management/controllers/manage.py: 0
[2019-07-16 00:16:19] EDIT attendance_management/controllers/manage.py: 0
[2019-07-16 00:17:02] EDIT attendance_management/controllers/manage.py: 1
[2019-07-16 00:17:41] EDIT attendance_management/controllers/manage.py: 0
[2019-07-16 00:18:03] EDIT attendance_management/controllers/manage.py: 0
[2019-07-16 00:18:41] CREATE manage/select_data.html: 0
[2019-07-16 00:18:50] EDIT attendance_management/views/manage/select_data.html: 0
[2019-07-16 00:19:05] EDIT attendance_management/views/manage/select_data.html: 0
[2019-07-16 00:19:08] EDIT attendance_management/views/manage/select_data.html: 0
[2019-07-16 00:19:29] EDIT attendance_management/views/manage/select_data.html: 0
[2019-07-16 00:19:52] EDIT attendance_management/views/manage/select_data.html: 3
[2019-07-16 00:20:19] EDIT attendance_management/views/manage/select_data.html: 0
[2019-07-16 00:21:14] EDIT attendance_management/views/manage/select_data.html: 0
[2019-07-16 00:22:16] EDIT attendance_management/views/manage/select_data.html: 2
[2019-07-16 00:22:31] EDIT attendance_management/views/manage/select_data.html: 0
[2019-07-16 00:22:49] EDIT attendance_management/views/manage/select_data.html: 0
[2019-07-16 00:23:21] EDIT attendance_management/views/manage/select_data.html: 0
[2019-07-16 00:27:56] EDIT attendance_management/views/manage/select_data.html: 0
[2019-07-16 00:31:54] EDIT attendance_management/views/manage/select_data.html: 0
[2019-07-16 00:32:20] EDIT attendance_management/views/manage/select_data.html: 0
[2019-07-16 00:32:45] EDIT attendance_management/views/manage/select_data.html: 0
[2019-07-16 00:32:54] EDIT attendance_management/views/manage/select_data.html: 0
[2019-07-16 00:33:43] EDIT attendance_management/views/manage/select_data.html: 0
[2019-07-16 00:34:00] EDIT attendance_management/views/manage/select_data.html: 0
[2019-07-16 00:34:07] EDIT attendance_management/views/manage/select_data.html: 0
[2019-07-16 00:34:21] EDIT attendance_management/views/manage/select_data.html: 0
[2019-07-16 00:34:53] EDIT attendance_management/controllers/manage.py: 2
[2019-07-16 00:35:37] EDIT attendance_management/controllers/manage.py: 1
[2019-07-16 00:36:24] CREATE manage/open_log_data.html: 0
[2019-07-16 00:38:09] EDIT attendance_management/views/manage/select_data.html: 0
[2019-07-16 00:38:34] EDIT attendance_management/views/manage/select_data.html: 0
[2019-07-16 06:13:03] EDIT attendance_management/controllers/manage.py: 0
[2019-07-16 06:15:05] EDIT attendance_management/controllers/manage.py: 0
[2019-07-16 06:15:37] EDIT attendance_management/controllers/manage.py: 0
[2019-07-16 06:16:06] EDIT attendance_management/views/manage/select_data.html: 2
[2019-07-16 06:19:11] EDIT attendance_management/controllers/manage.py: 0
[2019-07-16 06:19:25] EDIT attendance_management/controllers/manage.py: 0
[2019-07-16 06:19:53] CREATE manage/generate_entry.py: 0
[2019-07-16 06:20:40] DELETE attendance_management/models/manage/generate_entry.py: 0
[2019-07-16 06:20:54] CREATE manage/generate_entry.html: 0
[2019-07-16 06:22:01] EDIT attendance_management/views/manage/index.html: 0
[2019-07-16 06:22:47] EDIT attendance_management/views/manage/generate_entry.html: 0
[2019-07-16 06:23:05] EDIT attendance_management/views/manage/generate_entry.html: 2
[2019-07-16 06:24:07] EDIT attendance_management/controllers/manage.py: 0
[2019-07-16 06:24:27] EDIT attendance_management/views/manage/generate_entry.html: 1
[2019-07-16 06:25:07] EDIT attendance_management/views/manage/generate_entry.html: 2
[2019-07-16 06:25:14] EDIT attendance_management/views/manage/generate_entry.html: 0
[2019-07-16 06:25:56] EDIT attendance_management/controllers/manage.py: 0
[2019-07-16 06:26:20] EDIT attendance_management/views/manage/generate_entry.html: 0
[2019-07-16 06:26:36] EDIT attendance_management/views/manage/generate_entry.html: 0
[2019-07-16 06:26:54] EDIT attendance_management/views/manage/generate_entry.html: 0
[2019-07-16 06:27:11] EDIT attendance_management/views/manage/generate_entry.html: 0
[2019-07-16 06:27:18] EDIT attendance_management/views/manage/generate_entry.html: 0
[2019-07-16 06:27:33] EDIT attendance_management/views/manage/generate_entry.html: 0
[2019-07-16 06:29:49] EDIT attendance_management/controllers/manage.py: 2
[2019-07-16 06:30:11] EDIT attendance_management/controllers/manage.py: 0
[2019-07-16 06:31:40] EDIT attendance_management/controllers/manage.py: 0
[2019-07-16 06:32:03] EDIT attendance_management/controllers/manage.py: 0
[2019-07-16 06:32:17] EDIT attendance_management/controllers/manage.py: 0
[2019-07-16 06:32:26] EDIT attendance_management/controllers/manage.py: 0
[2019-07-16 06:34:00] EDIT attendance_management/controllers/manage.py: -2
[2019-07-16 06:34:21] EDIT attendance_management/controllers/manage.py: 0
[2019-07-16 06:34:29] EDIT attendance_management/controllers/manage.py: 0
[2019-07-16 06:34:44] EDIT attendance_management/controllers/manage.py: 0
[2019-07-16 08:39:30] EDIT AttendanceManagement/views/manage/generate_entry.html: 0
[2019-07-16 08:45:34] EDIT AttendanceManagement/views/manage/generate_entry.html: 0
[2019-07-16 08:48:49] EDIT AttendanceManagement/controllers/manage.py: 0
[2019-07-16 09:09:33] EDIT AttendanceManagement/controllers/manage.py: 1
[2019-07-16 09:11:08] EDIT AttendanceManagement/controllers/manage.py: 0
[2019-07-16 09:11:33] EDIT AttendanceManagement/controllers/manage.py: 0
[2019-07-16 09:12:06] EDIT AttendanceManagement/controllers/manage.py: 1
[2019-07-16 09:14:35] EDIT AttendanceManagement/controllers/manage.py: 0
[2019-07-16 09:14:40] EDIT AttendanceManagement/controllers/manage.py: 0
[2019-07-16 09:15:02] EDIT AttendanceManagement/controllers/manage.py: -1
[2019-07-16 09:15:23] EDIT AttendanceManagement/controllers/manage.py: 0
[2019-07-16 09:16:08] EDIT AttendanceManagement/controllers/manage.py: 1
[2019-07-16 09:27:21] EDIT AttendanceManagement/views/manage/open_log_data.html: -2
[2019-07-16 09:27:53] EDIT AttendanceManagement/views/manage/open_log_data.html: 1
[2019-07-16 09:28:18] EDIT AttendanceManagement/controllers/manage.py: 0
[2019-07-16 09:28:43] EDIT AttendanceManagement/controllers/manage.py: 0
[2019-07-16 09:53:13] EDIT AttendanceManagement/controllers/manage.py: 1
[2019-07-16 09:53:21] EDIT AttendanceManagement/controllers/manage.py: 0
[2019-07-16 09:58:51] EDIT AttendanceManagement/views/manage/open_log_data.html: 0
[2019-07-16 09:59:52] EDIT AttendanceManagement/views/manage/open_log_data.html: 0
[2019-07-16 10:07:07] EDIT AttendanceManagement/views/manage/open_log_data.html: 0
[2019-07-16 10:07:41] EDIT AttendanceManagement/controllers/manage.py: 0
[2019-07-16 10:08:21] EDIT AttendanceManagement/controllers/manage.py: 0
[2019-07-16 10:08:39] EDIT AttendanceManagement/views/manage/open_log_data.html: 0
[2019-07-16 10:10:25] EDIT AttendanceManagement/views/manage/open_log_data.html: 0
[2019-07-16 10:13:08] CREATE manage/use_log_data.html: 0
[2019-07-16 10:13:47] DELETE AttendanceManagement/views/manage/select_data.html: -10
[2019-07-16 10:14:00] DELETE AttendanceManagement/views/manage/open_log_data.html: -2
[2019-07-16 10:14:48] EDIT AttendanceManagement/views/manage/use_log_data.html: -1
[2019-07-16 10:18:16] EDIT AttendanceManagement/views/manage/use_log_data.html: 0
[2019-07-16 10:18:41] EDIT AttendanceManagement/views/manage/use_log_data.html: 0
[2019-07-16 10:18:48] EDIT AttendanceManagement/views/manage/use_log_data.html: 0
[2019-07-16 10:20:46] EDIT AttendanceManagement/controllers/manage.py: 0
[2019-07-16 10:21:20] EDIT AttendanceManagement/views/manage/use_log_data.html: 0
[2019-07-16 10:23:31] EDIT AttendanceManagement/views/manage/use_log_data.html: 0
[2019-07-16 10:24:09] EDIT AttendanceManagement/views/manage/use_log_data.html: 0
[2019-07-16 10:25:36] EDIT AttendanceManagement/controllers/manage.py: -1
[2019-07-16 10:26:01] EDIT AttendanceManagement/controllers/manage.py: 1
[2019-07-16 10:30:47] EDIT AttendanceManagement/controllers/manage.py: 0
[2019-07-16 10:31:19] EDIT AttendanceManagement/controllers/manage.py: 0
[2019-07-16 10:31:39] EDIT AttendanceManagement/controllers/manage.py: 0
[2019-07-16 10:34:10] EDIT AttendanceManagement/controllers/manage.py: 0
[2019-07-16 12:38:58] EDIT AttendanceManagement/controllers/manage.py: 0
[2019-07-16 12:40:11] EDIT AttendanceManagement/controllers/manage.py: 2
[2019-07-16 12:40:23] EDIT AttendanceManagement/views/manage/use_log_data.html: 1
[2019-07-16 12:47:22] EDIT AttendanceManagement/controllers/manage.py: 2
[2019-07-16 12:47:53] EDIT AttendanceManagement/views/manage/use_log_data.html: 1
[2019-07-16 12:48:18] EDIT AttendanceManagement/views/manage/use_log_data.html: 0
[2019-07-16 12:51:03] EDIT AttendanceManagement/views/manage/use_log_data.html: -1
[2019-07-16 12:51:49] EDIT AttendanceManagement/views/manage/use_log_data.html: 1
[2019-07-16 12:52:23] EDIT AttendanceManagement/views/manage/use_log_data.html: 0
[2019-07-16 12:52:36] EDIT AttendanceManagement/views/manage/use_log_data.html: 0
[2019-07-16 12:55:01] EDIT AttendanceManagement/views/manage/use_log_data.html: -1
[2019-07-16 12:57:23] CREATE common/logs/__init__.py: 0
[2019-07-16 13:10:24] EDIT AttendanceManagement/controllers/manage.py: -2
[2019-07-16 13:12:35] EDIT AttendanceManagement/controllers/manage.py: 1
[2019-07-16 13:12:53] EDIT AttendanceManagement/controllers/manage.py: 0
[2019-07-16 13:13:14] EDIT AttendanceManagement/views/manage/use_log_data.html: 1
[2019-07-16 13:13:40] EDIT AttendanceManagement/views/manage/use_log_data.html: 0
[2019-07-16 13:13:54] EDIT AttendanceManagement/views/manage/use_log_data.html: 1
[2019-07-16 13:16:12] EDIT AttendanceManagement/views/manage/use_log_data.html: 0
[2019-07-16 14:06:33] EDIT AttendanceManagement/controllers/manage.py: 0
[2019-07-16 14:07:08] EDIT AttendanceManagement/controllers/manage.py: 2
[2019-07-16 14:13:20] EDIT AttendanceManagement/controllers/manage.py: 3
[2019-07-16 14:13:54] EDIT AttendanceManagement/controllers/manage.py: 1
[2019-07-16 14:25:46] EDIT AttendanceManagement/controllers/manage.py: 7
[2019-07-16 14:26:17] EDIT AttendanceManagement/controllers/manage.py: 1
[2019-07-16 14:26:43] EDIT AttendanceManagement/controllers/manage.py: 0
[2019-07-16 14:28:44] EDIT AttendanceManagement/views/manage/use_log_data.html: 1
[2019-07-16 14:29:05] EDIT AttendanceManagement/controllers/manage.py: 1
[2019-07-16 14:29:34] EDIT AttendanceManagement/views/manage/use_log_data.html: 2
[2019-07-16 14:30:12] EDIT AttendanceManagement/controllers/manage.py: 0
[2019-07-16 14:30:41] EDIT AttendanceManagement/controllers/manage.py: 0
[2019-07-16 14:31:13] EDIT AttendanceManagement/controllers/manage.py: 0
[2019-07-16 14:31:23] EDIT AttendanceManagement/controllers/manage.py: 0
[2019-07-16 14:34:38] EDIT AttendanceManagement/controllers/manage.py: 2
[2019-07-16 14:34:53] EDIT AttendanceManagement/controllers/manage.py: 0
[2019-07-16 14:35:36] EDIT AttendanceManagement/views/manage/use_log_data.html: -2
[2019-07-16 14:36:42] EDIT AttendanceManagement/controllers/manage.py: -6
[2019-07-16 14:36:51] EDIT AttendanceManagement/controllers/manage.py: 0
[2019-07-16 14:37:01] EDIT AttendanceManagement/views/manage/use_log_data.html: 1
[2019-07-16 14:37:52] EDIT AttendanceManagement/controllers/manage.py: 0
[2019-07-16 14:37:58] EDIT AttendanceManagement/controllers/manage.py: 0
[2019-07-16 14:38:23] EDIT AttendanceManagement/controllers/manage.py: 0
[2019-07-16 14:45:44] EDIT AttendanceManagement/controllers/manage.py: 1
[2019-07-16 14:46:01] EDIT AttendanceManagement/controllers/manage.py: -1
[2019-07-16 14:47:00] EDIT AttendanceManagement/controllers/manage.py: 0
[2019-07-16 14:47:39] EDIT AttendanceManagement/controllers/manage.py: -2
[2019-07-16 14:48:29] EDIT AttendanceManagement/controllers/manage.py: 1
[2019-07-16 14:48:49] EDIT AttendanceManagement/views/manage/use_log_data.html: -1
[2019-07-16 14:50:08] EDIT AttendanceManagement/controllers/manage.py: 0
[2019-07-16 14:50:25] EDIT AttendanceManagement/views/manage/use_log_data.html: -1
[2019-07-16 14:50:44] EDIT AttendanceManagement/views/manage/use_log_data.html: -3
[2019-07-16 14:51:04] EDIT AttendanceManagement/views/manage/use_log_data.html: 1
[2019-07-16 14:51:54] EDIT AttendanceManagement/controllers/manage.py: 1
[2019-07-16 14:52:06] EDIT AttendanceManagement/controllers/manage.py: -1
[2019-07-16 14:52:10] EDIT AttendanceManagement/controllers/manage.py: 0
[2019-07-16 14:52:50] EDIT AttendanceManagement/controllers/manage.py: 0
[2019-07-16 14:54:16] EDIT AttendanceManagement/controllers/manage.py: 1
[2019-07-16 14:58:37] EDIT AttendanceManagement/views/manage/use_log_data.html: 2
[2019-07-16 14:58:41] EDIT AttendanceManagement/views/manage/use_log_data.html: 0
[2019-07-16 14:59:00] EDIT AttendanceManagement/views/manage/use_log_data.html: 0
[2019-07-16 15:03:02] EDIT AttendanceManagement/controllers/manage.py: -1
[2019-07-16 15:03:32] EDIT AttendanceManagement/controllers/manage.py: 0
[2019-07-16 15:03:55] EDIT AttendanceManagement/controllers/manage.py: 0
[2019-07-16 15:04:37] EDIT AttendanceManagement/controllers/manage.py: 0
[2019-07-16 15:06:19] EDIT AttendanceManagement/controllers/manage.py: 0
[2019-07-16 15:06:47] EDIT AttendanceManagement/controllers/manage.py: 0
[2019-07-16 15:08:12] EDIT AttendanceManagement/controllers/manage.py: 0
[2019-07-16 15:08:53] EDIT AttendanceManagement/controllers/manage.py: 0
[2019-07-16 15:09:12] EDIT AttendanceManagement/controllers/manage.py: 0
[2019-07-16 15:09:30] EDIT AttendanceManagement/controllers/manage.py: 0
[2019-07-16 15:11:17] EDIT AttendanceManagement/controllers/manage.py: 0
[2019-07-16 15:13:02] EDIT AttendanceManagement/controllers/manage.py: 1
[2019-07-16 15:13:20] EDIT AttendanceManagement/controllers/manage.py: 0
[2019-07-16 15:13:31] EDIT AttendanceManagement/controllers/manage.py: 0
[2019-07-16 15:13:43] EDIT AttendanceManagement/views/manage/use_log_data.html: -2
[2019-07-16 15:13:55] EDIT AttendanceManagement/views/manage/use_log_data.html: 0
[2019-07-16 15:16:58] EDIT AttendanceManagement/controllers/manage.py: 0
[2019-07-16 15:17:10] EDIT AttendanceManagement/controllers/manage.py: 0
[2019-07-16 15:17:17] EDIT AttendanceManagement/controllers/manage.py: 0
[2019-07-16 15:17:33] EDIT AttendanceManagement/controllers/manage.py: 0
[2019-07-16 15:17:55] EDIT AttendanceManagement/views/manage/use_log_data.html: 0
[2019-07-16 15:18:12] EDIT AttendanceManagement/views/manage/use_log_data.html: 0
[2019-07-16 15:18:29] EDIT AttendanceManagement/views/manage/use_log_data.html: 0
[2019-07-16 15:19:14] EDIT AttendanceManagement/views/manage/use_log_data.html: 0
[2019-07-16 15:20:05] EDIT AttendanceManagement/controllers/manage.py: -1
[2019-07-16 15:20:37] EDIT AttendanceManagement/controllers/manage.py: 0
[2019-07-16 15:25:26] EDIT AttendanceManagement/controllers/manage.py: 1
[2019-07-16 15:25:33] EDIT AttendanceManagement/controllers/manage.py: 1
[2019-07-16 15:25:51] EDIT AttendanceManagement/controllers/manage.py: 0
[2019-07-16 15:27:05] EDIT AttendanceManagement/controllers/manage.py: 0
[2019-07-16 15:27:09] EDIT AttendanceManagement/controllers/manage.py: 0
[2019-07-16 15:27:39] EDIT AttendanceManagement/views/manage/use_log_data.html: 0
[2019-07-16 15:30:16] EDIT AttendanceManagement/controllers/manage.py: 0
[2019-07-16 15:31:01] EDIT AttendanceManagement/controllers/manage.py: 0
[2019-07-16 15:31:06] EDIT AttendanceManagement/controllers/manage.py: 0
[2019-07-16 15:32:00] EDIT AttendanceManagement/controllers/manage.py: 0
[2019-07-16 15:32:20] EDIT AttendanceManagement/controllers/manage.py: 0
[2019-07-16 15:32:31] EDIT AttendanceManagement/controllers/manage.py: 0
[2019-07-16 15:33:40] EDIT AttendanceManagement/controllers/manage.py: 0
[2019-07-16 15:34:57] EDIT AttendanceManagement/controllers/manage.py: 0
[2019-07-16 15:39:13] EDIT AttendanceManagement/controllers/manage.py: 0
[2019-07-16 15:39:42] EDIT AttendanceManagement/controllers/manage.py: 0
[2019-07-16 15:40:00] EDIT AttendanceManagement/controllers/manage.py: 0
[2019-07-16 15:40:51] EDIT AttendanceManagement/controllers/manage.py: 1
[2019-07-16 15:40:59] EDIT AttendanceManagement/controllers/manage.py: -1
[2019-07-16 15:43:56] EDIT AttendanceManagement/controllers/manage.py: 0
[2019-07-16 15:44:05] EDIT AttendanceManagement/controllers/manage.py: 0
[2019-07-16 15:45:15] EDIT AttendanceManagement/controllers/manage.py: 1
[2019-07-16 15:47:05] EDIT AttendanceManagement/controllers/manage.py: 1
[2019-07-16 15:47:38] EDIT AttendanceManagement/controllers/manage.py: 0
[2019-07-16 15:49:53] EDIT AttendanceManagement/controllers/manage.py: 0
[2019-07-16 15:50:12] EDIT AttendanceManagement/controllers/manage.py: -5
[2019-07-16 15:50:15] EDIT AttendanceManagement/controllers/manage.py: 0
[2019-07-16 15:50:21] EDIT AttendanceManagement/controllers/manage.py: 0
[2019-07-16 15:50:25] EDIT AttendanceManagement/controllers/manage.py: 0
[2019-07-16 15:52:20] EDIT AttendanceManagement/controllers/manage.py: 3
[2019-07-16 15:52:34] EDIT AttendanceManagement/controllers/manage.py: 0
[2019-07-16 15:52:51] EDIT AttendanceManagement/views/manage/use_log_data.html: 0
[2019-07-16 15:53:38] EDIT AttendanceManagement/controllers/manage.py: 0
[2019-07-16 15:55:18] EDIT AttendanceManagement/controllers/manage.py: 1
[2019-07-16 15:58:28] EDIT AttendanceManagement/controllers/manage.py: 0
[2019-07-16 16:01:03] EDIT AttendanceManagement/views/manage/use_log_data.html: 2
[2019-07-16 16:01:26] EDIT AttendanceManagement/views/manage/use_log_data.html: 1
[2019-07-16 16:01:33] EDIT AttendanceManagement/views/manage/use_log_data.html: 0
[2019-07-16 16:03:13] EDIT AttendanceManagement/views/manage/use_log_data.html: 0
[2019-07-16 16:10:37] EDIT AttendanceManagement/views/manage/use_log_data.html: -1
[2019-07-16 16:15:24] EDIT AttendanceManagement/controllers/manage.py: 0
[2019-07-16 16:17:31] EDIT AttendanceManagement/controllers/manage.py: 0
[2019-07-16 19:31:24] EDIT AttendanceManagement/views/layout.html: 0
[2019-07-16 19:31:35] EDIT AttendanceManagement/views/layout.html: 0
[2019-07-16 19:31:44] EDIT AttendanceManagement/views/layout.html: 0
[2019-07-16 19:34:21] EDIT AttendanceManagement/views/manage/use_log_data.html: 3
[2019-07-16 19:36:00] EDIT AttendanceManagement/controllers/manage.py: 1
[2019-07-16 19:36:51] EDIT AttendanceManagement/controllers/manage.py: 4
[2019-07-16 19:37:14] EDIT AttendanceManagement/controllers/manage.py: 0
[2019-07-16 19:37:16] EDIT AttendanceManagement/controllers/manage.py: 0
[2019-07-16 19:41:44] EDIT AttendanceManagement/controllers/manage.py: 1
[2019-07-16 19:41:48] EDIT AttendanceManagement/controllers/manage.py: 0
[2019-07-16 19:49:46] EDIT AttendanceManagement/controllers/manage.py: 1
[2019-07-16 19:49:47] EDIT AttendanceManagement/controllers/manage.py: 0
