timestamp: 2019-07-14T11:35:51.153421
CREATE TABLE "auth_user"(
    "id" INTEGER PRIMARY KEY AUTOINCREMENT,
    "first_name" CHAR(128),
    "last_name" CHAR(128),
    "email" CHAR(512),
    "password" CHAR(512),
    "registration_key" CHAR(512),
    "reset_password_key" CHAR(512),
    "registration_id" CHAR(512)
);
success!
timestamp: 2019-07-14T11:35:51.160889
CREATE TABLE "auth_group"(
    "id" INTEGER PRIMARY KEY AUTOINCREMENT,
    "role" CHAR(512),
    "description" TEXT
);
success!
timestamp: 2019-07-14T11:35:51.165974
CREATE TABLE "auth_membership"(
    "id" INTEGER PRIMARY KEY AUTOINCREMENT,
    "user_id" INTEGER REFERENCES "auth_user" ("id") ON DELETE CASCADE  ,
    "group_id" INTEGER REFERENCES "auth_group" ("id") ON DELETE CASCADE  
);
success!
timestamp: 2019-07-14T11:35:51.173596
CREATE TABLE "auth_permission"(
    "id" INTEGER PRIMARY KEY AUTOINCREMENT,
    "group_id" INTEGER REFERENCES "auth_group" ("id") ON DELETE CASCADE  ,
    "name" CHAR(512),
    "table_name" CHAR(512),
    "record_id" INTEGER
);
success!
timestamp: 2019-07-14T11:35:51.179526
CREATE TABLE "auth_event"(
    "id" INTEGER PRIMARY KEY AUTOINCREMENT,
    "time_stamp" TIMESTAMP,
    "client_ip" CHAR(512),
    "user_id" INTEGER REFERENCES "auth_user" ("id") ON DELETE CASCADE  ,
    "origin" CHAR(512),
    "description" TEXT
);
success!
timestamp: 2019-07-14T11:35:51.184274
CREATE TABLE "auth_cas"(
    "id" INTEGER PRIMARY KEY AUTOINCREMENT,
    "user_id" INTEGER REFERENCES "auth_user" ("id") ON DELETE CASCADE  ,
    "created_on" TIMESTAMP,
    "service" CHAR(512),
    "ticket" CHAR(512),
    "renew" CHAR(1)
);
success!
timestamp: 2019-07-14T13:07:27.793204
CREATE TABLE "auth_user"(
    "id" SERIAL PRIMARY KEY,
    "first_name" VARCHAR(128),
    "last_name" VARCHAR(128),
    "email" VARCHAR(512),
    "password" VARCHAR(512),
    "registration_key" VARCHAR(512),
    "reset_password_key" VARCHAR(512),
    "registration_id" VARCHAR(512)
);
success!
timestamp: 2019-07-14T13:07:28.031407
CREATE TABLE "auth_group"(
    "id" SERIAL PRIMARY KEY,
    "role" VARCHAR(512),
    "description" TEXT
);
success!
timestamp: 2019-07-14T13:07:28.186930
CREATE TABLE "auth_membership"(
    "id" SERIAL PRIMARY KEY,
    "user_id" INTEGER REFERENCES "auth_user" ("id") ON DELETE CASCADE  ,
    "group_id" INTEGER REFERENCES "auth_group" ("id") ON DELETE CASCADE  
);
success!
timestamp: 2019-07-14T13:07:28.285940
CREATE TABLE "auth_permission"(
    "id" SERIAL PRIMARY KEY,
    "group_id" INTEGER REFERENCES "auth_group" ("id") ON DELETE CASCADE  ,
    "name" VARCHAR(512),
    "table_name" VARCHAR(512),
    "record_id" INTEGER
);
success!
timestamp: 2019-07-14T13:07:28.358183
CREATE TABLE "auth_event"(
    "id" SERIAL PRIMARY KEY,
    "time_stamp" TIMESTAMP,
    "client_ip" VARCHAR(512),
    "user_id" INTEGER REFERENCES "auth_user" ("id") ON DELETE CASCADE  ,
    "origin" VARCHAR(512),
    "description" TEXT
);
success!
timestamp: 2019-07-14T13:07:28.430433
CREATE TABLE "auth_cas"(
    "id" SERIAL PRIMARY KEY,
    "user_id" INTEGER REFERENCES "auth_user" ("id") ON DELETE CASCADE  ,
    "created_on" TIMESTAMP,
    "service" VARCHAR(512),
    "ticket" VARCHAR(512),
    "renew" CHAR(1)
);
success!
timestamp: 2019-07-14T14:50:59.212557
CREATE TABLE "employees"(
    "id" SERIAL PRIMARY KEY,
    "eid" VARCHAR(512)
);
timestamp: 2019-07-14T14:51:51.221251
CREATE TABLE "employees"(
    "id" SERIAL PRIMARY KEY,
    "eid" VARCHAR(512)
);
timestamp: 2019-07-14T14:52:51.093407
CREATE TABLE "employees"(
    "id" SERIAL PRIMARY KEY,
    "eid" VARCHAR(512)
);
timestamp: 2019-07-14T14:53:51.181948
CREATE TABLE "employees"(
    "id" SERIAL PRIMARY KEY,
    "eid" VARCHAR(512)
);
timestamp: 2019-07-14T15:10:00.563354
CREATE TABLE "sections"(
    "id" SERIAL PRIMARY KEY,
    "name" VARCHAR(512),
    "section_chief" VARCHAR(512)
);
timestamp: 2019-07-14T15:10:14.858851
CREATE TABLE "sections"(
    "id" SERIAL PRIMARY KEY,
    "name" VARCHAR(512),
    "section_chief" VARCHAR(512)
);
timestamp: 2019-07-14T16:23:01.541045
CREATE TABLE "employees"(
    "id" SERIAL PRIMARY KEY,
    "employee_id" VARCHAR(512),
    "name" VARCHAR(512),
    "section_id" INTEGER
);
timestamp: 2019-07-14T16:23:02.243549
CREATE TABLE "employees"(
    "id" SERIAL PRIMARY KEY,
    "employee_id" VARCHAR(512),
    "name" VARCHAR(512),
    "section_id" INTEGER
);
timestamp: 2019-07-14T16:23:18.709632
CREATE TABLE "employees"(
    "id" SERIAL PRIMARY KEY,
    "employee_id" VARCHAR(512),
    "name" VARCHAR(512),
    "section_id" INTEGER
);
timestamp: 2019-07-14T16:23:20.150272
CREATE TABLE "employees"(
    "id" SERIAL PRIMARY KEY,
    "employee_id" VARCHAR(512),
    "name" VARCHAR(512),
    "section_id" INTEGER
);
timestamp: 2019-07-14T16:50:32.971254
CREATE TABLE "employees"(
    "id" SERIAL PRIMARY KEY,
    "employee_id" INTEGER,
    "name" VARCHAR(512),
    "section_id" INTEGER
);
success!
timestamp: 2019-07-14T17:47:36.809970
CREATE TABLE "attendancelogs"(
    "id" SERIAL PRIMARY KEY,
    "biolog" TEXT
);
success!
timestamp: 2019-07-14T17:55:14.735696
ALTER TABLE "attendancelogs" ADD "log_file" VARCHAR(512);
timestamp: 2019-07-14T17:55:15.428971
ALTER TABLE "attendancelogs" ADD "log_file" VARCHAR(512);
timestamp: 2019-07-14T17:55:28.881153
ALTER TABLE "attendancelogs" ADD "log_file" VARCHAR(512);
timestamp: 2019-07-14T17:55:30.161810
ALTER TABLE "attendancelogs" ADD "log_file" VARCHAR(512);
timestamp: 2019-07-14T17:58:02.825338
CREATE TABLE "logs"(
    "id" SERIAL PRIMARY KEY,
    "log_file" VARCHAR(512),
    "uploaded" TIMESTAMP
);
success!
timestamp: 2019-07-14T18:30:15.005852
ALTER TABLE "logs" ADD "remarks" TEXT;
success!
